
Log Entry : 3:22:07 PM Thursday, April 26, 2012
  :
  :OK
-------------------------------

Log Entry : 3:22:07 PM Thursday, April 26, 2012
  :
  :OK
-------------------------------

Log Entry : 3:24:06 PM Thursday, April 26, 2012
  :
  :Pragma: no-cache
Content-Length: 400
Cache-Control: no-cache
Content-Type: text/xml; charset=utf-8
Date: Thu, 26 Apr 2012 19:24:03 GMT
Expires: -1
Set-Cookie: BIGipServerservices_myngp_com_https_01_pool=RDpcRGKbrCA3rZdLbVPAN5git1L1/vHCJrK8WiN2S5TM/y2F4zx3Yre+0bQjibEJuE7I8yIXOmgcvA==; path=/
Server: Microsoft-IIS/6.0
X-AspNet-Version: 2.0.50727
X-Powered-By: ASP.NET


-------------------------------

Log Entry : 3:24:06 PM Thursday, April 26, 2012
  :
  :OK
-------------------------------
